Using pre-set license
Built from '2020.3/staging' branch; Version is '2020.3.8f1 (507919d4fff5) revision 5273881'; Using compiler version '192528614'; Build Type 'Release'
OS: 'Windows 10 Home; OS build 19042.1466; Version 2009; 64bit' Language: 'en' Physical Memory: 16202 MB
BatchMode: 1, IsHumanControllingUs: 0, StartBugReporterOnCrash: 0, Is64bit: 1, IsPro: 0

 COMMAND LINE ARGUMENTS:
C:\Users\ahmet\AppData\Roaming\Microsoft\Windows\Start Menu\Programs\Visual Studio Code\2020.3.8f1\Editor\Unity.exe
-adb2
-batchMode
-noUpm
-name
AssetImportWorker0
-projectPath
C:/Users/ahmet/OneDrive/Desktop/Unity/DOTween Wrapper
-logFile
Logs/AssetImportWorker0.log
-srvPort
50312
Successfully changed project path to: C:/Users/ahmet/OneDrive/Desktop/Unity/DOTween Wrapper
C:/Users/ahmet/OneDrive/Desktop/Unity/DOTween Wrapper
Using Asset Import Pipeline V2.
Refreshing native plugins compatible for Editor in 26.98 ms, found 0 plugins.
Preloading 0 native plugins for Editor in 0.00 ms.
Initialize engine version: 2020.3.8f1 (507919d4fff5)
[Subsystems] Discovering subsystems at path C:/Users/ahmet/AppData/Roaming/Microsoft/Windows/Start Menu/Programs/Visual Studio Code/2020.3.8f1/Editor/Data/Resources/UnitySubsystems
[Subsystems] Discovering subsystems at path C:/Users/ahmet/OneDrive/Desktop/Unity/DOTween Wrapper/Assets
GfxDevice: creating device client; threaded=0
Direct3D:
    Version:  Direct3D 11.0 [level 11.1]
    Renderer: NVIDIA GeForce GTX 1650 Ti (ID=0x1f95)
    Vendor:   
    VRAM:     3962 MB
    Driver:   30.0.14.9676
Initialize mono
Mono path[0] = 'C:/Users/ahmet/AppData/Roaming/Microsoft/Windows/Start Menu/Programs/Visual Studio Code/2020.3.8f1/Editor/Data/Managed'
Mono path[1] = 'C:/Users/ahmet/AppData/Roaming/Microsoft/Windows/Start Menu/Programs/Visual Studio Code/2020.3.8f1/Editor/Data/MonoBleedingEdge/lib/mono/unityjit'
Mono config path = 'C:/Users/ahmet/AppData/Roaming/Microsoft/Windows/Start Menu/Programs/Visual Studio Code/2020.3.8f1/Editor/Data/MonoBleedingEdge/etc'
Using monoOptions --debugger-agent=transport=dt_socket,embedding=1,server=y,suspend=n,address=127.0.0.1:56920
Begin MonoManager ReloadAssembly
Registering precompiled unity dll's ...
Register platform support module: C:/Users/ahmet/AppData/Roaming/Microsoft/Windows/Start Menu/Programs/Visual Studio Code/2020.3.8f1/Editor/Data/PlaybackEngines/WindowsStandaloneSupport/UnityEditor.WindowsStandalone.Extensions.dll
Registered in 0.001592 seconds.
Native extension for WindowsStandalone target not found
Refreshing native plugins compatible for Editor in 23.55 ms, found 0 plugins.
Preloading 0 native plugins for Editor in 0.00 ms.
Mono: successfully reloaded assembly
- Completed reload, in  1.802 seconds
Platform modules already initialized, skipping
Registering precompiled user dll's ...
Registered in 0.002506 seconds.
Begin MonoManager ReloadAssembly
Native extension for WindowsStandalone target not found
Refreshing native plugins compatible for Editor in 0.20 ms, found 0 plugins.
Preloading 0 native plugins for Editor in 0.00 ms.
Mono: successfully reloaded assembly
- Completed reload, in  0.703 seconds
Platform modules already initialized, skipping
========================================================================
Worker process is ready to serve import requests
Launched and connected shader compiler UnityShaderCompiler.exe after 0.04 seconds
Refreshing native plugins compatible for Editor in 0.25 ms, found 0 plugins.
Preloading 0 native plugins for Editor in 0.00 ms.
Unloading 1141 Unused Serialized files (Serialized files now loaded: 0)
System memory in use before: 58.0 MB.
System memory in use after: 58.1 MB.

Unloading 16 unused Assets to reduce memory usage. Loaded Objects now: 1591.
Total: 1.266200 ms (FindLiveObjects: 0.102500 ms CreateObjectMapping: 0.029200 ms MarkObjects: 1.079200 ms  DeleteObjects: 0.054700 ms)

========================================================================
Received Import Request.
  path: Assets/Scripts/Core/Transform Component/BaseTweenParams.cs
  artifactKey: Guid(d24b8fe023851c64c9d8f36a98a25339) Importer(815301076,1909f56bfc062723c751e8b465ee728b)
Start importing Assets/Scripts/Core/Transform Component/BaseTweenParams.cs using Guid(d24b8fe023851c64c9d8f36a98a25339) Importer(815301076,1909f56bfc062723c751e8b465ee728b)  -> (artifact id: '8d7c25e8da9495d73f38463052303d78') in 0.025405 seconds
  Import took 0.026974 seconds .

========================================================================
Received Import Request.
  Time since last request: 4.974596 seconds.
  path: Assets/Scriptable Objects/Scale Tween Params.asset
  artifactKey: Guid(caf88b1210b77d84ab5963416f79cd56) Importer(815301076,1909f56bfc062723c751e8b465ee728b)
Start importing Assets/Scriptable Objects/Scale Tween Params.asset using Guid(caf88b1210b77d84ab5963416f79cd56) Importer(815301076,1909f56bfc062723c751e8b465ee728b)  -> (artifact id: '704826879f4584a2721fd6faa4d79812') in 0.018443 seconds
  Import took 0.020202 seconds .

========================================================================
Received Prepare
Registering precompiled user dll's ...
Registered in 0.002229 seconds.
Begin MonoManager ReloadAssembly
Native extension for WindowsStandalone target not found
Refreshing native plugins compatible for Editor in 0.21 ms, found 0 plugins.
Preloading 0 native plugins for Editor in 0.00 ms.
Mono: successfully reloaded assembly
- Completed reload, in  0.659 seconds
Platform modules already initialized, skipping
Refreshing native plugins compatible for Editor in 0.26 ms, found 0 plugins.
Preloading 0 native plugins for Editor in 0.00 ms.
Unloading 1136 Unused Serialized files (Serialized files now loaded: 0)
System memory in use before: 58.0 MB.
System memory in use after: 58.0 MB.

Unloading 11 unused Assets to reduce memory usage. Loaded Objects now: 1594.
Total: 1.223900 ms (FindLiveObjects: 0.105900 ms CreateObjectMapping: 0.030600 ms MarkObjects: 1.048100 ms  DeleteObjects: 0.038500 ms)

========================================================================
Received Prepare
Registering precompiled user dll's ...
Registered in 0.002455 seconds.
Begin MonoManager ReloadAssembly
Native extension for WindowsStandalone target not found
Refreshing native plugins compatible for Editor in 0.21 ms, found 0 plugins.
Preloading 0 native plugins for Editor in 0.00 ms.
Mono: successfully reloaded assembly
- Completed reload, in  0.654 seconds
Platform modules already initialized, skipping
Refreshing native plugins compatible for Editor in 0.21 ms, found 0 plugins.
Preloading 0 native plugins for Editor in 0.00 ms.
Unloading 1136 Unused Serialized files (Serialized files now loaded: 0)
System memory in use before: 58.0 MB.
System memory in use after: 58.1 MB.

Unloading 11 unused Assets to reduce memory usage. Loaded Objects now: 1597.
Total: 1.249400 ms (FindLiveObjects: 0.102300 ms CreateObjectMapping: 0.036700 ms MarkObjects: 1.071700 ms  DeleteObjects: 0.038000 ms)

